downloader/build/intermediates/manifest_merge_blame_file/debug/manifest-merger-blame-debug-report.txt
1<?xml version="1.0" encoding="utf-8"?>
2<manifest xmlns:android="http://schemas.android.com/apk/res/android"
3    package="com.miaadrajabi.downloader" >
4
5    <uses-sdk
6        android:minSdkVersion="23"
6-->src/main/AndroidManifest.xml
7        android:targetSdkVersion="30" />
7-->src/main/AndroidManifest.xml
8
9    <uses-permission android:name="android.permission.INTERNET" />
9-->src/main/AndroidManifest.xml:5:5-67
9-->src/main/AndroidManifest.xml:5:22-64
10    <uses-permission android:name="android.permission.REQUEST_INSTALL_PACKAGES" />
10-->src/main/AndroidManifest.xml:6:5-83
10-->src/main/AndroidManifest.xml:6:22-80
11
12    <application>
12-->src/main/AndroidManifest.xml:8:5-28:19
13        <service
13-->src/main/AndroidManifest.xml:9:9-12:56
14            android:name="com.miaadrajabi.downloader.DownloadForegroundService"
14-->src/main/AndroidManifest.xml:10:13-54
15            android:exported="false"
15-->src/main/AndroidManifest.xml:11:13-37
16            android:foregroundServiceType="dataSync" />
16-->src/main/AndroidManifest.xml:12:13-53
17
18        <receiver
18-->src/main/AndroidManifest.xml:13:9-15:40
19            android:name="com.miaadrajabi.downloader.DownloadAlarmReceiver"
19-->src/main/AndroidManifest.xml:14:13-50
20            android:exported="false" />
20-->src/main/AndroidManifest.xml:15:13-37
21        <receiver
21-->src/main/AndroidManifest.xml:16:9-18:40
22            android:name="com.miaadrajabi.downloader.DownloadNotificationActionReceiver"
22-->src/main/AndroidManifest.xml:17:13-63
23            android:exported="false" />
23-->src/main/AndroidManifest.xml:18:13-37
24
25        <provider
25-->src/main/AndroidManifest.xml:19:9-27:20
26            android:name="androidx.core.content.FileProvider"
26-->src/main/AndroidManifest.xml:20:13-62
27            android:authorities="${applicationId}.downloader.provider"
27-->src/main/AndroidManifest.xml:21:13-71
28            android:exported="false"
28-->src/main/AndroidManifest.xml:22:13-37
29            android:grantUriPermissions="true" >
29-->src/main/AndroidManifest.xml:23:13-47
30            <meta-data
30-->src/main/AndroidManifest.xml:24:13-26:65
31                android:name="android.support.FILE_PROVIDER_PATHS"
31-->src/main/AndroidManifest.xml:25:17-67
32                android:resource="@xml/downloader_file_paths" />
32-->src/main/AndroidManifest.xml:26:17-62
33        </provider>
34    </application>
35
36</manifest>